[NotebookApp | WARNING] No nbgrader_config.py file found (rerun with --debug to see where nbgrader is looking)
[NotebookApp | INFO] Loading the validate_assignment nbgrader serverextension
[NotebookApp | INFO] Serving notebooks from local directory: /home/ucsddse230/work
[NotebookApp | INFO] 0 active kernels
[NotebookApp | INFO] The Jupyter Notebook is running at:
[NotebookApp | INFO] http://[all ip addresses on your system]:8888/
[NotebookApp | INFO] Use Control-C to stop this server and shut down all kernels (twice to skip confirmation).
[NotebookApp | INFO] 302 GET / (172.17.0.1) 0.80ms
[NotebookApp | INFO] interrupted
[NotebookApp | CRITICAL] Unwritable directory, please contact your instructor: /srv/nbgrader/exchange
[NotebookApp | CRITICAL] Unwritable directory, please contact your instructor: /srv/nbgrader/exchange
[NotebookApp | CRITICAL] Unwritable directory, please contact your instructor: /srv/nbgrader/exchange
[NotebookApp | CRITICAL] Unwritable directory, please contact your instructor: /srv/nbgrader/exchange
[NotebookApp | WARNING] No nbgrader_config.py file found (rerun with --debug to see where nbgrader is looking)
[NotebookApp | INFO] Loading the validate_assignment nbgrader serverextension
[NotebookApp | INFO] Serving notebooks from local directory: /home/ucsddse230/work
[NotebookApp | INFO] 0 active kernels
[NotebookApp | INFO] The Jupyter Notebook is running at:
[NotebookApp | INFO] http://[all ip addresses on your system]:8888/
[NotebookApp | INFO] Use Control-C to stop this server and shut down all kernels (twice to skip confirmation).
[NotebookApp | INFO] 302 GET / (172.17.0.1) 2.90ms
[NotebookApp | CRITICAL] Unwritable directory, please contact your instructor: /srv/nbgrader/exchange
[NotebookApp | CRITICAL] Unwritable directory, please contact your instructor: /srv/nbgrader/exchange
[NotebookApp | CRITICAL] Unwritable directory, please contact your instructor: /srv/nbgrader/exchange
[NotebookApp | CRITICAL] Unwritable directory, please contact your instructor: /srv/nbgrader/exchange
[NotebookApp | INFO] Creating new notebook in 
[NotebookApp | INFO] Writing notebook-signing key to /home/ucsddse230/.local/share/jupyter/notebook_secret
[NotebookApp | INFO] Kernel started: dfbb1651-c8bc-4d09-93e9-12aef7f70843
[NotebookApp | WARNING] 404 GET /static/components/bootstrap/js/tooltip.js?v=20191017163542 (172.17.0.1) 40.27ms referer=http://localhost:8889/notebooks/Untitled.ipynb?kernel_name=python3
[NotebookApp | INFO] Adapting to protocol v5.1 for kernel dfbb1651-c8bc-4d09-93e9-12aef7f70843
[NotebookApp | INFO] Saving file at /Untitled.ipynb
[NotebookApp | INFO] Saving file at /LazyEvaluation.ipynb
[NotebookApp | INFO] Saving file at /LazyEvaluation.ipynb
[NotebookApp | INFO] Saving file at /LazyEvaluation.ipynb
[NotebookApp | INFO] Saving file at /LazyEvaluation.ipynb
[NotebookApp | INFO] Saving file at /LazyEvaluation.ipynb
[NotebookApp | INFO] Saving file at /LazyEvaluation.ipynb
[NotebookApp | INFO] Saving file at /LazyEvaluation.ipynb
[NotebookApp | INFO] Saving file at /LazyEvaluation.ipynb
[NotebookApp | INFO] Saving file at /LazyEvaluation.ipynb
[NotebookApp | INFO] Saving file at /LazyEvaluation.ipynb
[NotebookApp | INFO] Saving file at /LazyEvaluation.ipynb
[NotebookApp | INFO] Saving file at /LazyEvaluation.ipynb
[NotebookApp | INFO] Saving file at /LazyEvaluation.ipynb
[NotebookApp | INFO] Saving file at /LazyEvaluation.ipynb
[NotebookApp | INFO] Saving file at /LazyEvaluation.ipynb
[NotebookApp | INFO] Saving file at /LazyEvaluation.ipynb
[NotebookApp | INFO] Saving file at /LazyEvaluation.ipynb
[NotebookApp | INFO] Saving file at /LazyEvaluation.ipynb
[NotebookApp | INFO] Saving file at /LazyEvaluation.ipynb
[NotebookApp | INFO] Saving file at /LazyEvaluation.ipynb
[NotebookApp | CRITICAL] Unwritable directory, please contact your instructor: /srv/nbgrader/exchange
[NotebookApp | CRITICAL] Unwritable directory, please contact your instructor: /srv/nbgrader/exchange
[NotebookApp | CRITICAL] Unwritable directory, please contact your instructor: /srv/nbgrader/exchange
[NotebookApp | CRITICAL] Unwritable directory, please contact your instructor: /srv/nbgrader/exchange
[NotebookApp | CRITICAL] Unwritable directory, please contact your instructor: /srv/nbgrader/exchange
[NotebookApp | CRITICAL] Unwritable directory, please contact your instructor: /srv/nbgrader/exchange
[NotebookApp | WARNING] No nbgrader_config.py file found. Rerun with DEBUG log level to see where nbgrader is looking.
[NotebookApp | CRITICAL] Unwritable directory, please contact your instructor: /srv/nbgrader/exchange
[NotebookApp | ERROR] Traceback (most recent call last):
      File "/opt/conda/lib/python3.6/site-packages/nbgrader/server_extensions/assignment_list/handlers.py", line 65, in list_released_assignments
        assignments = lister.start()
      File "/opt/conda/lib/python3.6/site-packages/nbgrader/exchange/list.py", line 129, in start
        super(ExchangeList, self).start()
      File "/opt/conda/lib/python3.6/site-packages/nbgrader/exchange/exchange.py", line 122, in start
        self.ensure_root()
      File "/opt/conda/lib/python3.6/site-packages/nbgrader/exchange/exchange.py", line 100, in ensure_root
        self.fail("Unwritable directory, please contact your instructor: {}".format(self.root))
      File "/opt/conda/lib/python3.6/site-packages/nbgrader/exchange/exchange.py", line 78, in fail
        raise ExchangeError(msg)
    nbgrader.exchange.exchange.ExchangeError: Unwritable directory, please contact your instructor: /srv/nbgrader/exchange
    
[NotebookApp | INFO] Saving file at /LazyEvaluation.ipynb
